g:\githubworkspace\brightpoint\debug\mfckxlopencv.pch
g:\githubworkspace\brightpoint\debug\vc120.pdb
g:\githubworkspace\brightpoint\debug\vc120.idb
g:\githubworkspace\brightpoint\debug\stdafx.obj
g:\githubworkspace\brightpoint\debug\cvvimage.obj
g:\githubworkspace\brightpoint\debug\dlg.obj
g:\githubworkspace\brightpoint\debug\mainfrm.obj
g:\githubworkspace\brightpoint\debug\mfckxlopencv.obj
g:\githubworkspace\brightpoint\debug\mfckxlopencvdoc.obj
g:\githubworkspace\brightpoint\debug\mfckxlopencvview.obj
g:\githubworkspace\brightpoint\debug\opencvkxlex.obj
g:\githubworkspace\brightpoint\debug\mfckxlopencv.res
g:\githubworkspace\brightpoint\debug\mfckxlopencv.pdb
g:\githubworkspace\brightpoint\debug\mfckxlopencv.tlog\cl.command.1.tlog
g:\githubworkspace\brightpoint\debug\mfckxlopencv.tlog\cl.read.1.tlog
g:\githubworkspace\brightpoint\debug\mfckxlopencv.tlog\cl.read.2.tlog
g:\githubworkspace\brightpoint\debug\mfckxlopencv.tlog\cl.write.1.tlog
g:\githubworkspace\brightpoint\debug\mfckxlopencv.tlog\link-cvtres.read.1.tlog
g:\githubworkspace\brightpoint\debug\mfckxlopencv.tlog\link-cvtres.write.1.tlog
g:\githubworkspace\brightpoint\debug\mfckxlopencv.tlog\link-mt.read.1.tlog
g:\githubworkspace\brightpoint\debug\mfckxlopencv.tlog\link-mt.write.1.tlog
g:\githubworkspace\brightpoint\debug\mfckxlopencv.tlog\link-rc.read.1.tlog
g:\githubworkspace\brightpoint\debug\mfckxlopencv.tlog\link-rc.write.1.tlog
g:\githubworkspace\brightpoint\debug\mfckxlopencv.tlog\link.command.1.tlog
g:\githubworkspace\brightpoint\debug\mfckxlopencv.tlog\link.read.1.tlog
g:\githubworkspace\brightpoint\debug\mfckxlopencv.tlog\link.read.2.tlog
g:\githubworkspace\brightpoint\debug\mfckxlopencv.tlog\link.write.1.tlog
g:\githubworkspace\brightpoint\debug\mfckxlopencv.tlog\rc.command.1.tlog
g:\githubworkspace\brightpoint\debug\mfckxlopencv.tlog\rc.read.1.tlog
g:\githubworkspace\brightpoint\debug\mfckxlopencv.tlog\rc.write.1.tlog
