生成启动时间为 2017/7/19 23:47:12。
     1>项目“G:\GitHubWorkSpace\BrightPoint\MFCkxlOpenCV.vcxproj”在节点 2 上(Build 个目标)。
     1>ClCompile:
         E:\Program Files\Microsoft Visual Studio 12.0\VC\bin\CL.exe /c /I"D:\Program Files\OpenCV\cxcore\include" /I"D:\Program Files\OpenCV\cv\include" /I"D:\Program Files\OpenCV\otherlibs\_graphics\include" /I"D:\Program Files\OpenCV\otherlibs\highgui" /ZI /nologo /W3 /WX- /Od /Oy- /D WIN32 /D _DEBUG /D _WINDOWS /D _VC80_UPGRADE=0x0600 /D _MBCS /Gm /EHsc /RTC1 /MTd /GS /Gy- /fp:precise /Zc:wchar_t /Zc:forScope /Yu"stdafx.h" /Fp".\Debug\MFCkxlOpenCV.pch" /Fo".\Debug\\" /Fd".\Debug\vc120.pdb" /Gd /TP /analyze- /errorReport:prompt MFCkxlOpenCVDoc.cpp
         MFCkxlOpenCVDoc.cpp
     1>e:\program files\opencv2410\build\include\opencv2\flann\logger.h(66): warning C4996: 'fopen': This function or variable may be unsafe. Consider using fopen_s instead. To disable deprecation, use _CRT_SECURE_NO_WARNINGS. See online help for details.
                 e:\program files\microsoft visual studio 12.0\vc\include\stdio.h(211) : 参见“fopen”的声明
     1>g:\githubworkspace\brightpoint\dbscan.h(107): warning C4018: “<”: 有符号/无符号不匹配
     1>g:\githubworkspace\brightpoint\dbscan.h(123): warning C4018: “<”: 有符号/无符号不匹配
     1>g:\githubworkspace\brightpoint\dbscan.h(128): warning C4018: “>=”: 有符号/无符号不匹配
     1>g:\githubworkspace\brightpoint\dbscan.h(129): warning C4018: “<”: 有符号/无符号不匹配
     1>g:\githubworkspace\brightpoint\dbscan.h(131): warning C4018: “<”: 有符号/无符号不匹配
     1>g:\githubworkspace\brightpoint\dbscan.h(149): warning C4018: “<”: 有符号/无符号不匹配
     1>g:\githubworkspace\brightpoint\dbscan.h(154): warning C4018: “>=”: 有符号/无符号不匹配
     1>g:\githubworkspace\brightpoint\dbscan.h(163): warning C4018: “<”: 有符号/无符号不匹配
     1>g:\githubworkspace\brightpoint\mfckxlopencvdoc.cpp(362): warning C4018: “<”: 有符号/无符号不匹配
     1>g:\githubworkspace\brightpoint\mfckxlopencvdoc.cpp(382): warning C4018: “<”: 有符号/无符号不匹配
     1>g:\githubworkspace\brightpoint\mfckxlopencvdoc.cpp(324): warning C4101: “center”: 未引用的局部变量
     1>g:\githubworkspace\brightpoint\mfckxlopencvdoc.cpp(325): warning C4101: “size”: 未引用的局部变量
     1>g:\githubworkspace\brightpoint\mfckxlopencvdoc.cpp(456): warning C4018: “<”: 有符号/无符号不匹配
     1>g:\githubworkspace\brightpoint\mfckxlopencvdoc.cpp(470): warning C4244: “参数”: 从“double”转换到“int”，可能丢失数据
     1>g:\githubworkspace\brightpoint\mfckxlopencvdoc.cpp(491): warning C4018: “<”: 有符号/无符号不匹配
     1>g:\githubworkspace\brightpoint\mfckxlopencvdoc.cpp(507): warning C4244: “参数”: 从“double”转换到“int”，可能丢失数据
     1>g:\githubworkspace\brightpoint\mfckxlopencvdoc.cpp(509): warning C4244: “参数”: 从“double”转换到“int”，可能丢失数据
     1>g:\githubworkspace\brightpoint\mfckxlopencvdoc.cpp(521): warning C4244: “参数”: 从“double”转换到“int”，可能丢失数据
     1>g:\githubworkspace\brightpoint\mfckxlopencvdoc.cpp(530): warning C4244: “参数”: 从“double”转换到“int”，可能丢失数据
     1>g:\githubworkspace\brightpoint\mfckxlopencvdoc.cpp(565): warning C4018: “<”: 有符号/无符号不匹配
     1>g:\githubworkspace\brightpoint\mfckxlopencvdoc.cpp(588): warning C4244: “参数”: 从“double”转换到“int”，可能丢失数据
     1>g:\githubworkspace\brightpoint\mfckxlopencvdoc.cpp(630): warning C4244: “参数”: 从“double”转换到“int”，可能丢失数据
     1>g:\githubworkspace\brightpoint\mfckxlopencvdoc.cpp(644): warning C4244: “参数”: 从“double”转换到“int”，可能丢失数据
     1>g:\githubworkspace\brightpoint\mfckxlopencvdoc.cpp(661): warning C4018: “<”: 有符号/无符号不匹配
     1>g:\githubworkspace\brightpoint\mfckxlopencvdoc.cpp(683): warning C4244: “参数”: 从“double”转换到“int”，可能丢失数据
     1>g:\githubworkspace\brightpoint\mfckxlopencvdoc.cpp(686): warning C4018: “<”: 有符号/无符号不匹配
     1>g:\githubworkspace\brightpoint\mfckxlopencvdoc.cpp(697): warning C4244: “参数”: 从“double”转换到“int”，可能丢失数据
     1>g:\githubworkspace\brightpoint\mfckxlopencvdoc.cpp(698): warning C4244: “参数”: 从“double”转换到“int”，可能丢失数据
     1>g:\githubworkspace\brightpoint\mfckxlopencvdoc.cpp(704): warning C4244: “参数”: 从“double”转换到“int”，可能丢失数据
     1>g:\githubworkspace\brightpoint\mfckxlopencvdoc.cpp(705): warning C4244: “参数”: 从“double”转换到“int”，可能丢失数据
     1>g:\githubworkspace\brightpoint\mfckxlopencvdoc.cpp(709): warning C4018: “<”: 有符号/无符号不匹配
     1>g:\githubworkspace\brightpoint\mfckxlopencvdoc.cpp(722): warning C4018: “<”: 有符号/无符号不匹配
     1>g:\githubworkspace\brightpoint\mfckxlopencvdoc.cpp(727): warning C4244: “参数”: 从“double”转换到“int”，可能丢失数据
     1>g:\githubworkspace\brightpoint\mfckxlopencvdoc.cpp(734): warning C4244: “参数”: 从“double”转换到“int”，可能丢失数据
     1>g:\githubworkspace\brightpoint\mfckxlopencvdoc.cpp(739): warning C4244: “参数”: 从“double”转换到“int”，可能丢失数据
     1>g:\githubworkspace\brightpoint\mfckxlopencvdoc.cpp(772): warning C4244: “参数”: 从“double”转换到“int”，可能丢失数据
     1>g:\githubworkspace\brightpoint\mfckxlopencvdoc.cpp(777): warning C4244: “参数”: 从“double”转换到“int”，可能丢失数据
     1>g:\githubworkspace\brightpoint\mfckxlopencvdoc.cpp(812): warning C4018: “<”: 有符号/无符号不匹配
     1>g:\githubworkspace\brightpoint\mfckxlopencvdoc.cpp(820): warning C4018: “<”: 有符号/无符号不匹配
     1>g:\githubworkspace\brightpoint\mfckxlopencvdoc.cpp(838): warning C4018: “<”: 有符号/无符号不匹配
       Link:
         E:\Program Files\Microsoft Visual Studio 12.0\VC\bin\link.exe /ERRORREPORT:PROMPT /OUT:".\Debug\MFCkxlOpenCV.exe" /INCREMENTAL /NOLOGO opencv_calib3d2410d.lib opencv_contrib2410d.lib opencv_core2410d.lib opencv_features2d2410d.lib opencv_flann2410d.lib opencv_gpu2410d.lib opencv_highgui2410d.lib opencv_legacy2410d.lib opencv_ml2410d.lib opencv_nonfree2410d.lib opencv_objdetect2410d.lib opencv_ocl2410d.lib opencv_photo2410d.lib opencv_stitching2410d.lib opencv_superres2410d.lib opencv_ts2410d.lib opencv_video2410d.lib opencv_imgproc2410d.lib /MANIFEST /MANIFESTUAC:"level='asInvoker' uiAccess='false'" /manifest:embed /manifestinput:"E:\Program Files\Microsoft Visual Studio 12.0\VC\Include\Manifest\dpiaware.manifest" /DEBUG /PDB:".\Debug\MFCkxlOpenCV.pdb" /SUBSYSTEM:WINDOWS /TLBID:1 /DYNAMICBASE /NXCOMPAT /IMPLIB:".\Debug\MFCkxlOpenCV.lib" /MACHINE:X86 /SAFESEH .\Debug\MFCkxlOpenCV.res
         .\Debug\CvvImage.obj
         .\Debug\Dlg.obj
         .\Debug\MainFrm.obj
         .\Debug\MFCkxlOpenCV.obj
         .\Debug\MFCkxlOpenCVDoc.obj
         .\Debug\MFCkxlOpenCVView.obj
         .\Debug\OpenCVkxlEx.obj
         .\Debug\PointDialog.obj
         .\Debug\StdAfx.obj
         MFCkxlOpenCV.vcxproj -> G:\GitHubWorkSpace\BrightPoint\.\Debug\MFCkxlOpenCV.exe
     1>已完成生成项目“G:\GitHubWorkSpace\BrightPoint\MFCkxlOpenCV.vcxproj”(Build 个目标)的操作。

生成成功。

已用时间 00:00:02.03
